begin read probelm:Thu Mar  6 07:32:08 2014

number of instances=2527397
number of features=33256
end of read:Thu Mar  6 07:32:23 2014

init obj value=1.75186e+06
unit decrease of g'p=7.16786e+12
##success linear search, get alpha=1.00723e-06 obj=41553.7 dec=1.7103e+06 required min dec=721.97
rho[0]=1.39979e-07

#iteration 1 #obj_value 41553.7 #ave_obj 0.0164413 #evaluate_cnt 2
time:Thu Mar  6 07:32:27 2014

gamma=1.01762e-06
s[0]=-1.11111  y[0]=-1.09676e+06
s[1]=-0.89015  y[1]=-878795
s[2]=-0.755301  y[2]=-746456
s[3]=-0.619648  y[3]=-611933
s[4]=-0.591408  y[4]=-567854
s[5]=-0.531891  y[5]=-525777
s[6]=-0.526978  y[6]=-521805
s[7]=-0.47195  y[7]=-467676
s[8]=-0.439412  y[8]=-432571
s[9]=-0.435531  y[9]=-428675
In calc bfgs direction: beg=0 end=0
 the bfgs direction:
0.00676638   0.00527299   0.00366147   0.00347638   0.0199693   0.0024609   0.00152849   0.000999914   0.00387417   0.00391809   
unit decrease of g'p=2957.92
##success linear search, get alpha=1 obj=38819.2 dec=2734.53 required min dec=0.295792
rho[1]=0.00229433

#iteration 2 #obj_value 38819.2 #ave_obj 0.0153593 #evaluate_cnt 3
time:Thu Mar  6 07:32:29 2014

gamma=6.7684e-06
s[0]=-0.00676638  y[0]=-439.32
s[1]=-0.00527299  y[1]=-493.069
s[2]=-0.00366147  y[2]=-257.09
s[3]=-0.00347638  y[3]=-239.34
s[4]=-0.0199693  y[4]=-2596.86
s[5]=-0.0024609  y[5]=-166.43
s[6]=-0.00152849  y[6]=-107.859
s[7]=-0.000999914  y[7]=-78.6216
s[8]=-0.00387417  y[8]=-240.126
s[9]=-0.00391809  y[9]=-450.009
In calc bfgs direction: beg=1 end=0
 the bfgs direction:
0.0510554   0.0325198   0.0245502   0.0249118   0.129123   0.0164483   0.00721756   0.00254461   0.0325512   0.0235304   
unit decrease of g'p=15047.4
##success linear search, get alpha=1 obj=28994.9 dec=9824.29 required min dec=1.50474
rho[2]=0.000109237

#iteration 3 #obj_value 28994.9 #ave_obj 0.0114722 #evaluate_cnt 4
time:Thu Mar  6 07:32:31 2014

gamma=1.13024e-05
s[0]=-0.0510554  y[0]=-2440.56
s[1]=-0.0325198  y[1]=-2214.46
s[2]=-0.0245502  y[2]=-1414.27
s[3]=-0.0249118  y[3]=-1315.47
s[4]=-0.129123  y[4]=-9720.04
s[5]=-0.0164483  y[5]=-918.418
s[6]=-0.00721756  y[6]=-604.411
s[7]=-0.00254461  y[7]=-439.564
s[8]=-0.0325512  y[8]=-1363.05
s[9]=-0.0235304  y[9]=-1756.22
In calc bfgs direction: beg=2 end=0
 the bfgs direction:
0.0436277   0.0215753   0.0173267   0.0195325   0.0957701   0.0119033   0.00177307   -0.00309467   0.0308866   0.0161569   
unit decrease of g'p=4095.44
##success linear search, get alpha=1 obj=25959.2 dec=3035.66 required min dec=0.409544
rho[3]=0.000512038

#iteration 4 #obj_value 25959.2 #ave_obj 0.0102711 #evaluate_cnt 5
time:Thu Mar  6 07:32:33 2014

gamma=2.47897e-05
s[0]=-0.0436277  y[0]=-1347.67
s[1]=-0.0215753  y[1]=-1022.16
s[2]=-0.0173267  y[2]=-769.386
s[3]=-0.0195325  y[3]=-713.915
s[4]=-0.0957701  y[4]=-3298.04
s[5]=-0.0119033  y[5]=-518.13
s[6]=-0.00177307  y[6]=-343.974
s[7]=0.00309467  y[7]=-248.398
s[8]=-0.0308866  y[8]=-771.538
s[9]=-0.0161569  y[9]=-664.07
In calc bfgs direction: beg=3 end=0
 the bfgs direction:
0.0566579   0.0207368   0.0167599   0.0223315   0.115572   0.0120611   -0.00359297   -0.011321   0.0428554   0.0192468   
unit decrease of g'p=2551.28
##success linear search, get alpha=1 obj=24190.9 dec=1768.33 required min dec=0.255128
rho[4]=0.000694999

#iteration 5 #obj_value 24190.9 #ave_obj 0.00957147 #evaluate_cnt 6
time:Thu Mar  6 07:32:35 2014

gamma=4.48871e-05
s[0]=-0.0566579  y[0]=-1171.65
s[1]=-0.0207368  y[1]=-847.328
s[2]=-0.0167599  y[2]=-659.73
s[3]=-0.0223315  y[3]=-610.617
s[4]=-0.115572  y[4]=-2191.45
s[5]=-0.0120611  y[5]=-465.83
s[6]=0.00359297  y[6]=-308.566
s[7]=0.011321  y[7]=-220.236
s[8]=-0.0428554  y[8]=-678.529
s[9]=-0.0192468  y[9]=-494.329
In calc bfgs direction: beg=4 end=0
 the bfgs direction:
0.0499054   0.00710107   0.00619585   0.0150769   0.0974011   0.0044109   -0.0117376   -0.020489   0.0397304   0.0168571   
unit decrease of g'p=1033.61
##success linear search, get alpha=1 obj=23454.4 dec=736.508 required min dec=0.103361
rho[5]=0.00180089

#iteration 6 #obj_value 23454.4 #ave_obj 0.00928006 #evaluate_cnt 7
time:Thu Mar  6 07:32:37 2014

gamma=7.92094e-05
s[0]=-0.0499054  y[0]=-670.954
s[1]=-0.00710107  y[1]=-465.924
s[2]=-0.00619585  y[2]=-370.772
s[3]=-0.0150769  y[3]=-343.955
s[4]=-0.0974011  y[4]=-1041.94
s[5]=-0.0044109  y[5]=-264.653
s[6]=0.0117376  y[6]=-176.453
s[7]=0.020489  y[7]=-121.944
s[8]=-0.0397304  y[8]=-393.967
s[9]=-0.0168571  y[9]=-264.292
In calc bfgs direction: beg=5 end=0
 the bfgs direction:
0.0466271   -0.0120095   -0.00837234   0.00648117   0.0897441   -0.00650907   -0.0250582   -0.0361255   0.0383256   0.0164652   
unit decrease of g'p=626.713
##success linear search, get alpha=1 obj=22984.1 dec=470.277 required min dec=0.0626713
rho[6]=0.00342574

#iteration 7 #obj_value 22984.1 #ave_obj 0.00909398 #evaluate_cnt 8
time:Thu Mar  6 07:32:39 2014

gamma=0.000156423
s[0]=-0.0466271  y[0]=-390.713
s[1]=0.0120095  y[1]=-227.161
s[2]=0.00837234  y[2]=-207.456
s[3]=-0.00648117  y[3]=-197.714
s[4]=-0.0897441  y[4]=-546.19
s[5]=0.00650907  y[5]=-126.857
s[6]=0.0250582  y[6]=-86.5749
s[7]=0.0361255  y[7]=-51.2278
s[8]=-0.0383256  y[8]=-240.657
s[9]=-0.0164652  y[9]=-152.295
In calc bfgs direction: beg=6 end=0
 the bfgs direction:
0.0500266   -0.0431055   -0.0393798   -0.0101421   0.0973832   -0.0226467   -0.0541247   -0.0715872   0.0398246   0.0179546   
unit decrease of g'p=691.537
##success linear search, get alpha=1 obj=22459.3 dec=524.806 required min dec=0.0691537
rho[7]=0.00318401

#iteration 8 #obj_value 22459.3 #ave_obj 0.00888634 #evaluate_cnt 9
time:Thu Mar  6 07:32:40 2014

gamma=0.000669496
s[0]=-0.0500266  y[0]=-158.289
s[1]=0.0431055  y[1]=44.3784
s[2]=0.0393798  y[2]=-60.9378
s[3]=0.0101421  y[3]=-78.7014
s[4]=-0.0973832  y[4]=-219.629
s[5]=0.0226467  y[5]=26.3661
s[6]=0.0541247  y[6]=29.1306
s[7]=0.0715872  y[7]=52.1247
s[8]=-0.0398246  y[8]=-125.823
s[9]=-0.0179546  y[9]=-66.5558
In calc bfgs direction: beg=7 end=0
 the bfgs direction:
0.020347   -0.00182472   -0.149237   -0.0934583   0.0258438   0.00953005   -0.0874885   -0.114372   -0.0107357   -0.00998588   
unit decrease of g'p=819.301
##success linear search, get alpha=1 obj=21977 dec=482.321 required min dec=0.0819301
rho[8]=0.00136946

#iteration 9 #obj_value 21977 #ave_obj 0.0086955 #evaluate_cnt 10
time:Thu Mar  6 07:32:42 2014

gamma=0.000233983
s[0]=-0.020347  y[0]=299.069
s[1]=0.00182472  y[1]=527.371
s[2]=0.149237  y[2]=289.218
s[3]=0.0934583  y[3]=184.349
s[4]=-0.0258438  y[4]=256.325
s[5]=-0.00953005  y[5]=226.229
s[6]=0.0874885  y[6]=307.857
s[7]=0.114372  y[7]=329.376
s[8]=0.0107357  y[8]=187.245
s[9]=0.00998588  y[9]=141.135
In calc bfgs direction: beg=8 end=0
 the bfgs direction:
-0.00115138   0.0523413   -0.060914   -0.049319   -0.03361   0.0160913   -0.0057978   -0.00950865   0.00308235   -0.00596491   
unit decrease of g'p=114.194
##success linear search, get alpha=1 obj=21882.6 dec=94.3966 required min dec=0.0114194
rho[9]=0.0254904

#iteration 10 #obj_value 21882.6 #ave_obj 0.00865815 #evaluate_cnt 11
time:Thu Mar  6 07:32:44 2014

gamma=0.000671751
s[0]=0.00115138  y[0]=20.9713
s[1]=-0.0523413  y[1]=-37.0504
s[2]=0.060914  y[2]=56.9969
s[3]=0.049319  y[3]=43.0303
s[4]=0.03361  y[4]=-56.8785
s[5]=-0.0160913  y[5]=-13.3979
s[6]=0.0057978  y[6]=17.6371
s[7]=0.00950865  y[7]=30.0408
s[8]=-0.00308235  y[8]=36.23
s[9]=0.00596491  y[9]=-4.39802
In calc bfgs direction: beg=9 end=0
 the bfgs direction:
-0.00863261   0.175797   -0.153347   -0.143363   -0.242606   0.0322411   0.0285048   0.04876   0.0876172   -0.0406331   
unit decrease of g'p=365.267
##success linear search, get alpha=1 obj=21664.1 dec=218.509 required min dec=0.0365267
rho[10]=0.00352503

#iteration 11 #obj_value 21664.1 #ave_obj 0.0085717 #evaluate_cnt 12
time:Thu Mar  6 07:32:46 2014

gamma=0.000863305
s[0]=0.00863261  y[0]=-72.9962
s[1]=-0.175797  y[1]=-146.845
s[2]=0.153347  y[2]=38.9774
s[3]=0.143363  y[3]=66.31
s[4]=0.242606  y[4]=129.243
s[5]=-0.0322411  y[5]=-49.6284
s[6]=-0.0285048  y[6]=-172.233
s[7]=-0.04876  y[7]=-155.298
s[8]=-0.0876172  y[8]=-100.502
s[9]=0.0406331  y[9]=-59.5796
In calc bfgs direction: beg=10 end=0
 the bfgs direction:
0.00863699   0.147702   -0.0192753   -0.0123804   -0.189262   0.0353563   -0.0648096   -0.0169744   0.0387334   -0.074322   
unit decrease of g'p=193.513
##success linear search, get alpha=1 obj=21556.6 dec=107.481 required min dec=0.0193513
rho[11]=0.00592416

#iteration 12 #obj_value 21556.6 #ave_obj 0.00852917 #evaluate_cnt 13
time:Thu Mar  6 07:32:48 2014

gamma=0.000178749
s[0]=-0.00863699  y[0]=83.779
s[1]=-0.147702  y[1]=-77.2935
s[2]=0.0192753  y[2]=46.3142
s[3]=0.0123804  y[3]=9.81957
s[4]=0.189262  y[4]=-246.481
s[5]=-0.0353563  y[5]=58.1131
s[6]=0.0648096  y[6]=77.3173
s[7]=0.0169744  y[7]=74.9724
s[8]=-0.0387334  y[8]=32.7094
s[9]=0.074322  y[9]=-12.5319
In calc bfgs direction: beg=11 end=0
 the bfgs direction:
0.0046345   0.0550657   0.0151315   0.00617224   -0.122547   0.0236184   -0.0219599   0.0102154   0.0237549   -0.0476533   
unit decrease of g'p=63.267
##success linear search, get alpha=1 obj=21504.8 dec=51.7818 required min dec=0.0063267
rho[12]=0.043866

#iteration 13 #obj_value 21504.8 #ave_obj 0.00850868 #evaluate_cnt 14
time:Thu Mar  6 07:32:50 2014

gamma=0.000644063
s[0]=-0.0046345  y[0]=-33.4392
s[1]=-0.0550657  y[1]=-50.0326
s[2]=-0.0151315  y[2]=-45.9368
s[3]=-0.00617224  y[3]=-36.2342
s[4]=0.122547  y[4]=48.0293
s[5]=-0.0236184  y[5]=-31.9637
s[6]=0.0219599  y[6]=-47.5258
s[7]=-0.0102154  y[7]=-51.6228
s[8]=-0.0237549  y[8]=-42.4184
s[9]=0.0476533  y[9]=6.32099
In calc bfgs direction: beg=12 end=0
 the bfgs direction:
0.0343852   0.0916633   0.0557896   0.0185704   -0.287844   0.06611   -0.10348   -0.0112316   0.0156052   -0.118302   
unit decrease of g'p=151.341
##success linear search, get alpha=1 obj=21397.9 dec=106.962 required min dec=0.0151341
rho[13]=0.0112752

#iteration 14 #obj_value 21397.9 #ave_obj 0.00846636 #evaluate_cnt 15
time:Thu Mar  6 07:32:52 2014

gamma=0.00061627
s[0]=-0.0343852  y[0]=-20.6643
s[1]=-0.0916633  y[1]=-2.70884
s[2]=-0.0557896  y[2]=-76.2733
s[3]=-0.0185704  y[3]=-44.8701
s[4]=0.287844  y[4]=155.854
s[5]=-0.06611  y[5]=-34.5706
s[6]=0.10348  y[6]=-39.0314
s[7]=0.0112316  y[7]=-51.7663
s[8]=-0.0156052  y[8]=-20.3718
s[9]=0.118302  y[9]=57.6528
In calc bfgs direction: beg=13 end=0
 the bfgs direction:
0.052685   0.0543728   0.0460598   0.0150114   -0.235325   0.0664874   -0.141563   -0.0444425   -0.0102198   -0.0845185   
unit decrease of g'p=118.867
##success linear search, get alpha=1 obj=21310.7 dec=87.1952 required min dec=0.0118867
rho[14]=0.0157957

#iteration 15 #obj_value 21310.7 #ave_obj 0.00843186 #evaluate_cnt 16
time:Thu Mar  6 07:32:54 2014

gamma=0.000927929
s[0]=-0.052685  y[0]=-54.8978
s[1]=-0.0543728  y[1]=-13.2183
s[2]=-0.0460598  y[2]=-83.8218
s[3]=-0.0150114  y[3]=-36.3102
s[4]=0.235325  y[4]=83.8985
s[5]=-0.0664874  y[5]=-50.9531
s[6]=0.141563  y[6]=-26.7724
s[7]=0.0444425  y[7]=-38.8926
s[8]=0.0102198  y[8]=-7.38234
s[9]=0.0845185  y[9]=28.996
In calc bfgs direction: beg=14 end=0
 the bfgs direction:
0.0694963   0.0574483   -0.0212924   -0.00191588   -0.238239   0.0634253   -0.218989   -0.0979108   -0.00976544   -0.0532891   
unit decrease of g'p=134.457
##success linear search, get alpha=1 obj=21215.3 dec=95.3928 required min dec=0.0134457
rho[15]=0.0125105

#iteration 16 #obj_value 21215.3 #ave_obj 0.00839412 #evaluate_cnt 17
time:Thu Mar  6 07:32:56 2014

gamma=0.00103222
s[0]=-0.0694963  y[0]=35.6704
s[1]=-0.0574483  y[1]=99.0542
s[2]=0.0212924  y[2]=18.4312
s[3]=0.00191588  y[3]=35.4308
s[4]=0.238239  y[4]=89.2632
s[5]=-0.0634253  y[5]=52.2775
s[6]=0.218989  y[6]=58.0234
s[7]=0.0979108  y[7]=37.0292
s[8]=0.00976544  y[8]=22.7756
s[9]=0.0532891  y[9]=17.2756
In calc bfgs direction: beg=15 end=0
 the bfgs direction:
0.0718402   0.0717785   -0.0880121   0.00399296   -0.121381   0.104031   -0.229961   -0.13353   -0.0376612   -0.0168158   
unit decrease of g'p=140.498
##success linear search, get alpha=1 obj=21133.8 dec=81.4541 required min dec=0.0140498
rho[16]=0.00869964

#iteration 17 #obj_value 21133.8 #ave_obj 0.00836189 #evaluate_cnt 18
time:Thu Mar  6 07:32:58 2014

gamma=0.000540202
s[0]=-0.0718402  y[0]=-157.218
s[1]=-0.0717785  y[1]=-164.473
s[2]=0.0880121  y[2]=-55.546
s[3]=-0.00399296  y[3]=-67.4748
s[4]=0.121381  y[4]=-118.582
s[5]=-0.104031  y[5]=-166.263
s[6]=0.229961  y[6]=-5.59006
s[7]=0.13353  y[7]=-9.71995
s[8]=0.0376612  y[8]=-17.8691
s[9]=0.0168158  y[9]=-38.2018
In calc bfgs direction: beg=16 end=0
 the bfgs direction:
0.0200683   0.0332556   -0.105003   -0.0245746   -0.0781505   0.0125738   -0.123722   -0.0788793   -0.00900069   0.0139681   
unit decrease of g'p=81.2219
##success linear search, get alpha=1 obj=21079.4 dec=54.4155 required min dec=0.00812219
rho[17]=0.0180708

#iteration 18 #obj_value 21079.4 #ave_obj 0.00834036 #evaluate_cnt 19
time:Thu Mar  6 07:33:00 2014

gamma=0.000235793
s[0]=-0.0200683  y[0]=165.922
s[1]=-0.0332556  y[1]=174.001
s[2]=0.105003  y[2]=165.06
s[3]=0.0245746  y[3]=110.315
s[4]=0.0781505  y[4]=17.2737
s[5]=-0.0125738  y[5]=159.701
s[6]=0.123722  y[6]=128.325
s[7]=0.0788793  y[7]=110.855
s[8]=0.00900069  y[8]=64.5282
s[9]=-0.0139681  y[9]=8.79265
In calc bfgs direction: beg=17 end=0
 the bfgs direction:
-0.0094893   -0.00336909   -0.0817874   -0.00984015   0.0539787   -0.012337   -0.0111786   -0.0289693   -0.00981317   0.0478935   
unit decrease of g'p=57.2409
##success linear search, get alpha=1 obj=21040.2 dec=39.2069 required min dec=0.00572409
rho[18]=0.0277368

#iteration 19 #obj_value 21040.2 #ave_obj 0.00832484 #evaluate_cnt 20
time:Thu Mar  6 07:33:02 2014

gamma=0.000535875
s[0]=0.0094893  y[0]=37.115
s[1]=0.00336909  y[1]=9.81325
s[2]=0.0817874  y[2]=73.7668
s[3]=0.00984015  y[3]=29.1487
s[4]=-0.0539787  y[4]=-72.7075
s[5]=0.012337  y[5]=49.0227
s[6]=0.0111786  y[6]=28.1645
s[7]=0.0289693  y[7]=26.235
s[8]=0.00981317  y[8]=-0.37193
s[9]=-0.0478935  y[9]=-36.6497
In calc bfgs direction: beg=18 end=0
 the bfgs direction:
-0.00510481   0.0111547   -0.0432994   0.00359429   0.018254   0.00815576   0.00823058   -0.0159928   -0.0152316   0.0212347   
unit decrease of g'p=55.2026
##success linear search, get alpha=1 obj=20994.5 dec=45.6843 required min dec=0.00552026
rho[19]=0.0528168

#iteration 20 #obj_value 20994.5 #ave_obj 0.00830677 #evaluate_cnt 21
time:Thu Mar  6 07:33:04 2014

gamma=0.00196135
s[0]=0.00510481  y[0]=-4.93493
s[1]=-0.0111547  y[1]=-19.3057
s[2]=0.0432994  y[2]=9.26093
s[3]=-0.00359429  y[3]=-16.6459
s[4]=-0.018254  y[4]=-28.0579
s[5]=-0.00815576  y[5]=-0.356233
s[6]=-0.00823058  y[6]=-0.736575
s[7]=0.0159928  y[7]=4.27187
s[8]=0.0152316  y[8]=-14.0482
s[9]=-0.0212347  y[9]=-10.5799
In calc bfgs direction: beg=19 end=0
 the bfgs direction:
-0.000596599   0.03262   -0.0666556   -0.0442086   -0.0555613   0.0490336   0.0713051   -0.00142576   -0.0936744   0.0419589   
unit decrease of g'p=192.58
##success linear search, get alpha=1 obj=20854.9 dec=139.568 required min dec=0.019258
rho[20]=0.00948344

#iteration 21 #obj_value 20854.9 #ave_obj 0.00825155 #evaluate_cnt 22
time:Thu Mar  6 07:33:06 2014

gamma=0.00322853
s[0]=0.000596599  y[0]=11.4596
s[1]=-0.03262  y[1]=3.49229
s[2]=0.0666556  y[2]=-7.08463
s[3]=0.0442086  y[3]=5.9261
s[4]=0.0555613  y[4]=10.0004
s[5]=-0.0490336  y[5]=3.08548
s[6]=-0.0713051  y[6]=-46.2382
s[7]=0.00142576  y[7]=-29.9063
s[8]=0.0936744  y[8]=1.22079
s[9]=-0.0419589  y[9]=3.75558
In calc bfgs direction: beg=20 end=0
 the bfgs direction:
0.0602135   0.174455   -0.11199   -0.035987   0.0503847   0.0934733   0.044485   -0.0583949   -0.108707   0.134876   
unit decrease of g'p=292.143
##success linear search, get alpha=1 obj=20758.2 dec=96.6906 required min dec=0.0292143
rho[21]=0.00249124

#iteration 22 #obj_value 20758.2 #ave_obj 0.00821329 #evaluate_cnt 23
time:Thu Mar  6 07:33:08 2014

gamma=0.000464496
s[0]=-0.0602135  y[0]=-2.37635
s[1]=-0.174455  y[1]=-25.5889
s[2]=0.11199  y[2]=-39.8839
s[3]=0.035987  y[3]=-70.5336
s[4]=-0.0503847  y[4]=47.4716
s[5]=-0.0934733  y[5]=26.3582
s[6]=-0.044485  y[6]=126.288
s[7]=0.0583949  y[7]=140.382
s[8]=0.108707  y[8]=-120.322
s[9]=-0.134876  y[9]=-45.8607
In calc bfgs direction: beg=21 end=0
 the bfgs direction:
-0.00551283   -0.0328869   0.0399998   -0.0381891   -0.0543264   0.0141347   0.107637   0.0803376   -0.0772477   -0.0268352   
unit decrease of g'p=171.654
##success linear search, get alpha=1 obj=20644.7 dec=113.562 required min dec=0.0171654
rho[22]=0.00890538

#iteration 23 #obj_value 20644.7 #ave_obj 0.00816836 #evaluate_cnt 24
time:Thu Mar  6 07:33:10 2014

gamma=0.000205031
s[0]=0.00551283  y[0]=-130.599
s[1]=0.0328869  y[1]=-132.955
s[2]=-0.0399998  y[2]=-118.915
s[3]=0.0381891  y[3]=-30.2931
s[4]=0.0543264  y[4]=-29.5178
s[5]=-0.0141347  y[5]=-145.032
s[6]=-0.107637  y[6]=-207.095
s[7]=-0.0803376  y[7]=-194.814
s[8]=0.0772477  y[8]=16.7245
s[9]=0.0268352  y[9]=-1.41875
In calc bfgs direction: beg=22 end=0
 the bfgs direction:
0.0177226   0.00255873   0.0137401   -0.0438587   -0.0508608   0.0187721   0.0660306   0.0476609   -0.0862876   -0.00916929   
unit decrease of g'p=82.4042
##success linear search, get alpha=1 obj=20586.2 dec=58.4779 required min dec=0.00824042
rho[23]=0.0208138

#iteration 24 #obj_value 20586.2 #ave_obj 0.00814522 #evaluate_cnt 25
time:Thu Mar  6 07:33:12 2014

gamma=0.00111128
s[0]=-0.0177226  y[0]=30.0596
s[1]=-0.00255873  y[1]=46.5854
s[2]=-0.0137401  y[2]=-6.39671
s[3]=0.0438587  y[3]=39.1545
s[4]=0.0508608  y[4]=63.5646
s[5]=-0.0187721  y[5]=4.7813
s[6]=-0.0660306  y[6]=-48.4254
s[7]=-0.0476609  y[7]=-46.3884
s[8]=0.0862876  y[8]=50.2047
s[9]=0.00916929  y[9]=27.7106
In calc bfgs direction: beg=23 end=0
 the bfgs direction:
0.0410448   -0.0146941   -0.00201219   -0.0134836   0.0842576   0.000549255   0.0729484   0.0412322   -0.102298   -0.0088494   
unit decrease of g'p=96.005
##success linear search, get alpha=1 obj=20511.2 dec=74.9692 required min dec=0.0096005
rho[24]=0.0237782

#iteration 25 #obj_value 20511.2 #ave_obj 0.00811556 #evaluate_cnt 26
time:Thu Mar  6 07:33:14 2014

gamma=0.00215751
s[0]=-0.0410448  y[0]=-12.8899
s[1]=0.0146941  y[1]=18.2535
s[2]=0.00201219  y[2]=-14.2841
s[3]=0.0134836  y[3]=-9.37961
s[4]=-0.0842576  y[4]=24.2348
s[5]=-0.000549255  y[5]=-15.1813
s[6]=-0.0729484  y[6]=-20.5312
s[7]=-0.0412322  y[7]=-19.1488
s[8]=0.102298  y[8]=38.052
s[9]=0.0088494  y[9]=16.6141
In calc bfgs direction: beg=24 end=0
 the bfgs direction:
0.0564178   -0.0534888   -0.0391657   -0.0533253   0.300244   -0.0357644   0.142246   0.0719908   -0.155895   -0.0423525   
unit decrease of g'p=191.259
##success linear search, get alpha=1 obj=20385.7 dec=125.566 required min dec=0.0191259
rho[25]=0.00738083

#iteration 26 #obj_value 20385.7 #ave_obj 0.00806588 #evaluate_cnt 27
time:Thu Mar  6 07:33:16 2014

gamma=0.00160036
s[0]=-0.0564178  y[0]=79.1481
s[1]=0.0534888  y[1]=94.457
s[2]=0.0391657  y[2]=63.5925
s[3]=0.0533253  y[3]=80.725
s[4]=-0.300244  y[4]=-6.89801
s[5]=0.0357644  y[5]=79.7519
s[6]=-0.142246  y[6]=31.0354
s[7]=-0.0719908  y[7]=23.5629
s[8]=0.155895  y[8]=45.0878
s[9]=0.0423525  y[9]=36.0893
In calc bfgs direction: beg=25 end=0
 the bfgs direction:
0.0406011   -0.040644   -0.0411295   0.0407773   0.32001   -0.0297333   0.0860397   0.0354731   -0.0734755   -0.0400622   
unit decrease of g'p=145.675
##success linear search, get alpha=1 obj=20293.7 dec=92.0032 required min dec=0.0145675
rho[26]=0.00930686

#iteration 27 #obj_value 20293.7 #ave_obj 0.00802947 #evaluate_cnt 28
time:Thu Mar  6 07:33:18 2014

gamma=0.00134843
s[0]=-0.0406011  y[0]=-17.9072
s[1]=0.040644  y[1]=23.442
s[2]=0.0411295  y[2]=22.4915
s[3]=-0.0407773  y[3]=-52.0153
s[4]=-0.32001  y[4]=-57.8096
s[5]=0.0297333  y[5]=8.78144
s[6]=-0.0860397  y[6]=54.2604
s[7]=-0.0354731  y[7]=60.5503
s[8]=0.0734755  y[8]=35.9321
s[9]=0.0400622  y[9]=15.455
In calc bfgs direction: beg=26 end=0
 the bfgs direction:
-0.00341627   0.00186944   -0.0407338   0.00877176   0.160802   0.00199615   0.0226928   0.0204814   0.00895262   -0.0278731   
unit decrease of g'p=111.136
##success linear search, get alpha=1 obj=20210 dec=83.7059 required min dec=0.0111136
rho[27]=0.0182847

#iteration 28 #obj_value 20210 #ave_obj 0.00799635 #evaluate_cnt 29
time:Thu Mar  6 07:33:20 2014

gamma=0.00138825
s[0]=0.00341627  y[0]=-16.9902
s[1]=-0.00186944  y[1]=-57.872
s[2]=0.0407338  y[2]=8.051
s[3]=-0.00877176  y[3]=3.13798
s[4]=-0.160802  y[4]=-77.0714
s[5]=-0.00199615  y[5]=6.50507
s[6]=-0.0226928  y[6]=5.76978
s[7]=-0.0204814  y[7]=6.11746
s[8]=-0.00895262  y[8]=-48.6027
s[9]=0.0278731  y[9]=-30.456
In calc bfgs direction: beg=27 end=0
 the bfgs direction:
-0.0180816   0.0119324   -0.0431258   0.0483764   0.045669   0.0628051   -0.0331185   0.0169803   0.0578405   -0.0567868   
unit decrease of g'p=154.115
##success linear search, get alpha=1 obj=20100 dec=109.949 required min dec=0.0154115
rho[28]=0.0113031

#iteration 29 #obj_value 20100 #ave_obj 0.00795285 #evaluate_cnt 30
time:Thu Mar  6 07:33:22 2014

gamma=0.00313148
s[0]=0.0180816  y[0]=9.24034
s[1]=-0.0119324  y[1]=-3.87571
s[2]=0.0431258  y[2]=24.5555
s[3]=-0.0483764  y[3]=-6.22699
s[4]=-0.045669  y[4]=-10.7522
s[5]=-0.0628051  y[5]=1.96575
s[6]=0.0331185  y[6]=23.3229
s[7]=-0.0169803  y[7]=21.5013
s[8]=-0.0578405  y[8]=-32.0661
s[9]=0.0567868  y[9]=18.0981
In calc bfgs direction: beg=28 end=0
 the bfgs direction:
-0.0247895   0.0120217   0.039295   0.0486214   -0.0541966   0.0568038   -0.0369104   0.0580666   0.0788332   0.0795441   
unit decrease of g'p=197.388
##success linear search, get alpha=1 obj=19961.1 dec=138.9 required min dec=0.0197388
rho[29]=0.00863888

#iteration 30 #obj_value 19961.1 #ave_obj 0.00789789 #evaluate_cnt 31
time:Thu Mar  6 07:33:24 2014

gamma=0.00147626
s[0]=0.0247895  y[0]=-32.9312
s[1]=-0.0120217  y[1]=-79.5043
s[2]=-0.039295  y[2]=-46.8585
s[3]=-0.0486214  y[3]=-24.7693
s[4]=0.0541966  y[4]=-45.9926
s[5]=-0.0568038  y[5]=1.35194
s[6]=0.0369104  y[6]=-26.8338
s[7]=-0.0580666  y[7]=-38.5538
s[8]=-0.0788332  y[8]=-61.3136
s[9]=-0.0795441  y[9]=-93.8738
In calc bfgs direction: beg=29 end=0
 the bfgs direction:
-0.00780079   0.0134091   0.0138822   0.0248612   -0.174205   0.157915   -0.0593558   0.0346494   0.039002   0.0227569   
unit decrease of g'p=198.522
##success linear search, get alpha=1 obj=19831.8 dec=129.304 required min dec=0.0198522
rho[0]=0.00707334

#iteration 31 #obj_value 19831.8 #ave_obj 0.00784673 #evaluate_cnt 32
time:Thu Mar  6 07:33:26 2014

gamma=0.00154533
s[0]=0.00780079  y[0]=65.5733
s[1]=-0.0134091  y[1]=95.3622
s[2]=-0.0138822  y[2]=34.5874
s[3]=-0.0248612  y[3]=21.5716
s[4]=0.174205  y[4]=103.815
s[5]=-0.157915  y[5]=1.79699
s[6]=0.0593558  y[6]=25.6846
s[7]=-0.0346494  y[7]=13.9475
s[8]=-0.039002  y[8]=58.8132
s[9]=-0.0227569  y[9]=72.2342
In calc bfgs direction: beg=0 end=1
 the bfgs direction:
0.0032003   0.0198371   0.0657361   -0.0168223   -0.196568   0.0903128   -0.0459386   -0.0025887   0.0552871   0.0770738   
unit decrease of g'p=132.249
##success linear search, get alpha=1 obj=19737 dec=94.7904 required min dec=0.0132249
rho[1]=0.0134989

#iteration 32 #obj_value 19737 #ave_obj 0.00780923 #evaluate_cnt 33
time:Thu Mar  6 07:33:28 2014

gamma=0.00134098
s[0]=-0.0032003  y[0]=-52.5025
s[1]=-0.0198371  y[1]=-46.8584
s[2]=-0.0657361  y[2]=-72.8357
s[3]=0.0168223  y[3]=-28.3607
s[4]=0.196568  y[4]=29.6201
s[5]=-0.0903128  y[5]=-57.8528
s[6]=0.0459386  y[6]=-62.146
s[7]=0.0025887  y[7]=-62.8157
s[8]=-0.0552871  y[8]=-14.9063
s[9]=-0.0770738  y[9]=-20.3672
In calc bfgs direction: beg=1 end=2
 the bfgs direction:
0.0228809   0.0244741   0.0145514   -0.0542071   -0.155626   0.080358   -0.0506971   -0.0486537   0.0213382   0.0616258   
unit decrease of g'p=126.162
##success linear search, get alpha=1 obj=19645.5 dec=91.5064 required min dec=0.0126162
rho[2]=0.0143215

#iteration 33 #obj_value 19645.5 #ave_obj 0.00777302 #evaluate_cnt 34
time:Thu Mar  6 07:33:30 2014

gamma=0.00271247
s[0]=-0.0228809  y[0]=18.3734
s[1]=-0.0244741  y[1]=43.0756
s[2]=-0.0145514  y[2]=3.56417
s[3]=0.0542071  y[3]=18.0477
s[4]=0.155626  y[4]=61.4994
s[5]=-0.080358  y[5]=-17.9814
s[6]=0.0506971  y[6]=-8.21949
s[7]=0.0486537  y[7]=-7.58599
s[8]=-0.0213382  y[8]=36.3311
s[9]=-0.0616258  y[9]=27.0343
In calc bfgs direction: beg=2 end=3
 the bfgs direction:
0.0519913   0.0660958   0.0144552   -0.0798354   -0.129643   0.00230363   -0.0562384   -0.0830761   0.060478   0.0455757   
unit decrease of g'p=155.447
##success linear search, get alpha=1 obj=19534 dec=111.541 required min dec=0.0155447
rho[3]=0.0116004

#iteration 34 #obj_value 19534 #ave_obj 0.00772889 #evaluate_cnt 35
time:Thu Mar  6 07:33:32 2014

gamma=0.00181491
s[0]=-0.0519913  y[0]=-89.7148
s[1]=-0.0660958  y[1]=-57.5337
s[2]=-0.0144552  y[2]=-61.7507
s[3]=0.0798354  y[3]=-14.3306
s[4]=0.129643  y[4]=-13.1261
s[5]=-0.00230363  y[5]=-36.5739
s[6]=0.0562384  y[6]=-33.934
s[7]=0.0830761  y[7]=-21.5679
s[8]=-0.060478  y[8]=-11.4229
s[9]=-0.0455757  y[9]=-50.2799
In calc bfgs direction: beg=3 end=4
 the bfgs direction:
-0.0275567   0.068137   -0.0850253   -0.0458579   -0.0141306   0.00363271   -0.0680001   -0.127604   0.125806   -0.0756048   
unit decrease of g'p=216.174
##success linear search, get alpha=1 obj=19456.6 dec=77.405 required min dec=0.0216174
rho[4]=0.00334525

#iteration 35 #obj_value 19456.6 #ave_obj 0.00769826 #evaluate_cnt 36
time:Thu Mar  6 07:33:34 2014
